
> react-typescript-starter@0.1.0 test
> react-scripts test "--coverage"

PASS src/arrays.test.ts
PASS src/HtmlCss.test.tsx
PASS src/functions.test.ts
PASS src/text.test.tsx
PASS src/App.test.tsx
--------------|---------|----------|---------|---------|-------------------
File          | % Stmts | % Branch | % Funcs | % Lines | Uncovered Line #s 
--------------|---------|----------|---------|---------|-------------------
All files     |   94.59 |    91.48 |     100 |   94.36 |                   
 App.tsx      |     100 |      100 |     100 |     100 |                   
 arrays.ts    |     100 |      100 |     100 |     100 |                   
 functions.ts |      84 |    83.33 |     100 |      84 | 27,32-35          
--------------|---------|----------|---------|---------|-------------------

Test Suites: 5 passed, 5 total
Tests:       23 passed, 23 total
Snapshots:   0 total
Time:        3.491 s
Ran all test suites.
